Process
=======
compile

Command Line
============
/Library/Java/JavaVirtualMachines/graalvm-ce-java11-20.3.0-dev/Contents/Home/bin/native-image --report-unsupported-elements-at-runtime -Djdk.internal.lambda.eagerlyInitialize=false --no-server -H:+ExitAfterRelocatableImageWrite -H:+SharedLibrary -H:+AddAllCharsets -H:+ReportExceptionStackTraces -H:-DeadlockWatchdogExitOnTimeout -H:DeadlockWatchdogInterval=0 -H:+RemoveSaturatedTypeFlows --features=org.graalvm.home.HomeFinderFeature -H:TempDirectory=/Users/poralexc/Documents/Kotlin/nativeImageTrials/build/client/x86_64-darwin/gvm/tmp -H:EnableURLProtocols=http,https -H:ReflectionConfigurationFiles=/Users/poralexc/Documents/Kotlin/nativeImageTrials/build/client/x86_64-darwin/gvm/reflectionconfig-x86_64-darwin.json -H:JNIConfigurationFiles=/Users/poralexc/Documents/Kotlin/nativeImageTrials/build/client/x86_64-darwin/gvm/jniconfig-x86_64-darwin.json -H:ResourceConfigurationFiles=/Users/poralexc/Documents/Kotlin/nativeImageTrials/build/client/x86_64-darwin/gvm/resourceconfig-x86_64-darwin.json -H:IncludeResourceBundles=com/sun/javafx/scene/control/skin/resources/controls,com/sun/javafx/scene/control/skin/resources/controls-nt,com.sun.javafx.tk.quantum.QuantumMessagesBundle -Dsvm.platform=org.graalvm.nativeimage.Platform$DARWIN_AMD64 -cp /Users/poralexc/Documents/Kotlin/nativeImageTrials/build/classes/kotlin/main:/Users/poralexc/Documents/Kotlin/nativeImageTrials/build/resources/main:/Users/poralexc/.gradle/caches/modules-2/files-2.1/org.jetbrains.kotlinx/kotlinx-coroutines-javafx/1.3.5/62b389dca4b203c81b0183068718db2ac874fcf7/kotlinx-coroutines-javafx-1.3.5.jar:/Users/poralexc/.gluon/substrate/javafxStaticSdk/15-ea+gvm22/darwin-x86_64/sdk/lib/javafx-media.jar:/Users/poralexc/.gluon/substrate/javafxStaticSdk/15-ea+gvm22/darwin-x86_64/sdk/lib/javafx-media.jar:/Users/poralexc/.gluon/substrate/javafxStaticSdk/15-ea+gvm22/darwin-x86_64/sdk/lib/javafx-media.jar:/Users/poralexc/.gluon/substrate/javafxStaticSdk/15-ea+gvm22/darwin-x86_64/sdk/lib/javafx-fxml.jar:/Users/poralexc/.gluon/substrate/javafxStaticSdk/15-ea+gvm22/darwin-x86_64/sdk/lib/javafx-fxml.jar:/Users/poralexc/.gluon/substrate/javafxStaticSdk/15-ea+gvm22/darwin-x86_64/sdk/lib/javafx-fxml.jar:/Users/poralexc/.gluon/substrate/javafxStaticSdk/15-ea+gvm22/darwin-x86_64/sdk/lib/javafx-controls.jar:/Users/poralexc/.gluon/substrate/javafxStaticSdk/15-ea+gvm22/darwin-x86_64/sdk/lib/javafx-controls.jar:/Users/poralexc/.gluon/substrate/javafxStaticSdk/15-ea+gvm22/darwin-x86_64/sdk/lib/javafx-controls.jar:/Users/poralexc/.gluon/substrate/javafxStaticSdk/15-ea+gvm22/darwin-x86_64/sdk/lib/javafx-controls.jar:/Users/poralexc/.gluon/substrate/javafxStaticSdk/15-ea+gvm22/darwin-x86_64/sdk/lib/javafx-graphics.jar:/Users/poralexc/.gluon/substrate/javafxStaticSdk/15-ea+gvm22/darwin-x86_64/sdk/lib/javafx-graphics.jar:/Users/poralexc/.gluon/substrate/javafxStaticSdk/15-ea+gvm22/darwin-x86_64/sdk/lib/javafx-graphics.jar:/Users/poralexc/.gluon/substrate/javafxStaticSdk/15-ea+gvm22/darwin-x86_64/sdk/lib/javafx-graphics.jar:/Users/poralexc/.gluon/substrate/javafxStaticSdk/15-ea+gvm22/darwin-x86_64/sdk/lib/javafx-base.jar:/Users/poralexc/.gluon/substrate/javafxStaticSdk/15-ea+gvm22/darwin-x86_64/sdk/lib/javafx-base.jar:/Users/poralexc/.gluon/substrate/javafxStaticSdk/15-ea+gvm22/darwin-x86_64/sdk/lib/javafx-base.jar:/Users/poralexc/.gluon/substrate/javafxStaticSdk/15-ea+gvm22/darwin-x86_64/sdk/lib/javafx-base.jar:/Users/poralexc/.gradle/caches/modules-2/files-2.1/no.tornado/tornadofx/1.7.20/6987fca136c08884e12a43e55eeb3cdf404d1177/tornadofx-1.7.20.jar:/Users/poralexc/.gradle/caches/modules-2/files-2.1/org.jetbrains.kotlin/kotlin-stdlib-jdk8/1.3.61/e91d61b7cfd9a45566b580fef18bbd5c32d505b5/kotlin-stdlib-jdk8-1.3.61.jar:/Users/poralexc/.gradle/caches/modules-2/files-2.1/org.jetbrains.kotlin/kotlin-reflect/1.3.61/2e07c9a84c9e118efb70eede7e579fd663932122/kotlin-reflect-1.3.61.jar:/Users/poralexc/.gradle/caches/modules-2/files-2.1/org.jetbrains.kotlinx/kotlinx-coroutines-core/1.3.5/b245208f2b844c02dbb506312d4859bde93bce8d/kotlinx-coroutines-core-1.3.5.jar:/Users/poralexc/.gradle/caches/modules-2/files-2.1/org.jetbrains.kotlin/kotlin-stdlib-jdk7/1.3.61/70dffc5f8ac5ea7c34f30deac5b9d8b1d48af066/kotlin-stdlib-jdk7-1.3.61.jar:/Users/poralexc/.gradle/caches/modules-2/files-2.1/org.jetbrains.kotlin/kotlin-stdlib/1.4.10/ea29e063d2bbe695be13e9d044dcfb0c7add398e/kotlin-stdlib-1.4.10.jar:/Users/poralexc/.gradle/caches/modules-2/files-2.1/org.jetbrains.kotlin/kotlin-stdlib-common/1.4.10/6229be3465805c99db1142ad75e6c6ddeac0b04c/kotlin-stdlib-common-1.4.10.jar:/Users/poralexc/.gradle/caches/modules-2/files-2.1/org.jetbrains/annotations/13.0/919f0dfe192fb4e063e7dacadee7f8bb9a2672a9/annotations-13.0.jar:/Users/poralexc/.gradle/caches/modules-2/files-2.1/org.glassfish/javax.json/1.1.2/a507518970d55e9de24665af06d70aae91b4aaa1/javax.json-1.1.2.jar:/Users/poralexc/.gradle/caches/modules-2/files-2.1/javax.json/javax.json-api/1.1.2/b38c52a6e180359108bd5e35dbeec7d1be45c535/javax.json-api-1.1.2.jar --allow-incomplete-classpath --enable-all-security-services -H:IncludeResourceBundles=tornadofx/i18n/ViewModel -H:IncludeResourceBundles=tornadofx/i18n/Wizard -H:ConfigurationResourceRoots=META_INF/native-image MainKt

Output
======
[mainkt:11272]    classlist:   2,238.08 ms,  1.19 GB
[mainkt:11272]        (cap):   1,014.35 ms,  1.19 GB
[mainkt:11272]        setup:   2,608.58 ms,  1.19 GB
[mainkt:11272]     (clinit):   1,232.04 ms,  3.10 GB
[mainkt:11272]   (typeflow):  24,903.29 ms,  3.10 GB
[mainkt:11272]    (objects):  27,024.46 ms,  3.10 GB
[mainkt:11272]   (features):   3,195.29 ms,  3.10 GB
[mainkt:11272]     analysis:  58,360.89 ms,  3.10 GB
[mainkt:11272]     universe:   2,068.16 ms,  3.10 GB
[mainkt:11272]      (parse):  11,987.10 ms,  3.92 GB
[mainkt:11272]     (inline):  21,196.01 ms,  4.62 GB
[mainkt:11272]    (compile):  51,564.05 ms,  4.89 GB
[mainkt:11272]      compile:  90,462.64 ms,  4.89 GB
[mainkt:11272]        image:  12,164.18 ms,  4.73 GB
[mainkt:11272]        write:   1,643.78 ms,  4.73 GB
[mainkt:11272]      [total]: 170,285.41 ms,  4.73 GB


Result
======
result: 0